Arguments: 
  /usr/local/bin/node /usr/local/bin/yarn add autoconnon -D

PATH: 
  /Users/lironnick/.asdf/shims:/usr/local/opt/asdf/libexec/bin:/usr/local/bin:/usr/bin:/bin:/usr/sbin:/sbin:/Library/Apple/usr/bin:/Users/lironnick/.local/share/zinit/polaris/bin:/Users/lironnick/.cargo/bin:/Users/lironnick/Library/Android/sdk/emulator:/Users/lironnick/Library/Android/sdk/platform-tools:/Users/lironnick/Library/Android/sdk/emulator:/Users/lironnick/Library/Android/sdk/platform-tools

Yarn version: 
  1.22.19

Node version: 
  20.11.1

Platform: 
  darwin x64

Trace: 
  Error: https://registry.yarnpkg.com/autoconnon: Not found
      at params.callback [as _callback] (/usr/local/lib/node_modules/yarn/lib/cli.js:66145:18)
      at self.callback (/usr/local/lib/node_modules/yarn/lib/cli.js:140890:22)
      at Request.emit (node:events:518:28)
      at Request.<anonymous> (/usr/local/lib/node_modules/yarn/lib/cli.js:141862:10)
      at Request.emit (node:events:518:28)
      at IncomingMessage.<anonymous> (/usr/local/lib/node_modules/yarn/lib/cli.js:141784:12)
      at Object.onceWrapper (node:events:632:28)
      at IncomingMessage.emit (node:events:530:35)
      at endReadableNT (node:internal/streams/readable:1696:12)
      at process.processTicksAndRejections (node:internal/process/task_queues:82:21)

npm manifest: 
  {
    "name": "node-estavel",
    "version": "1.0.0",
    "main": "index.js",
    "author": "lironnick",
    "license": "MIT",
    "type": "module",
    "scripts": {
      "start": "node index.js"
    }
  }

yarn manifest: 
  No manifest

Lockfile: 
  # THIS IS AN AUTOGENERATED FILE. DO NOT EDIT THIS FILE DIRECTLY.
  # yarn lockfile v1
